TN:
SF:src/utils/noir-adapter.js
FN:9,(anonymous_0)
FN:19,(anonymous_1)
FN:43,(anonymous_2)
FN:82,(anonymous_3)
FN:106,(anonymous_4)
FN:124,(anonymous_5)
FN:132,(anonymous_6)
FN:151,(anonymous_7)
FNF:8
FNH:7
FNDA:2,(anonymous_0)
FNDA:8,(anonymous_1)
FNDA:16,(anonymous_2)
FNDA:3,(anonymous_3)
FNDA:1,(anonymous_4)
FNDA:8,(anonymous_5)
FNDA:0,(anonymous_6)
FNDA:1,(anonymous_7)
DA:10,2
DA:11,2
DA:20,8
DA:21,8
DA:23,8
DA:24,0
DA:26,0
DA:27,0
DA:29,0
DA:30,0
DA:32,8
DA:33,8
DA:44,16
DA:45,16
DA:46,16
DA:47,16
DA:50,0
DA:53,0
DA:56,0
DA:57,0
DA:59,0
DA:62,0
DA:70,16
DA:71,16
DA:83,3
DA:84,3
DA:85,3
DA:86,3
DA:89,0
DA:91,0
DA:93,0
DA:94,0
DA:96,3
DA:97,3
DA:107,1
DA:108,1
DA:109,1
DA:112,0
DA:125,8
DA:133,0
DA:134,0
DA:135,0
DA:136,0
DA:139,0
DA:140,0
DA:142,0
DA:144,0
DA:152,1
DA:153,1
DA:154,0
DA:160,1
LF:51
LH:26
BRDA:46,0,0,16
BRDA:46,0,1,0
BRDA:82,1,0,0
BRDA:85,2,0,3
BRDA:85,2,1,0
BRDA:108,3,0,1
BRDA:108,3,1,0
BRDA:135,4,0,0
BRDA:135,4,1,0
BRDA:135,5,0,0
BRDA:135,5,1,0
BRF:11
BRH:3
end_of_record
TN:
SF:src/utils/logger/LogEntry.js
FN:16,(anonymous_0)
FN:30,(anonymous_1)
FN:47,(anonymous_2)
FN:65,(anonymous_3)
FNF:4
FNH:0
FNDA:0,(anonymous_0)
FNDA:0,(anonymous_1)
FNDA:0,(anonymous_2)
FNDA:0,(anonymous_3)
DA:17,0
DA:18,0
DA:19,0
DA:20,0
DA:21,0
DA:22,0
DA:31,0
DA:48,0
DA:49,0
DA:50,0
DA:66,0
DA:67,0
DA:69,0
DA:73,0
LF:14
LH:0
BRDA:16,0,0,0
BRDA:22,1,0,0
BRDA:22,1,1,0
BRDA:65,2,0,0
BRDA:66,3,0,0
BRDA:66,3,1,0
BRDA:67,4,0,0
BRDA:67,4,1,0
BRDA:69,5,0,0
BRDA:69,5,1,0
BRF:10
BRH:0
end_of_record
TN:
SF:src/utils/logger/LoggerService.js
FN:8,(anonymous_0)
FN:22,(anonymous_1)
FN:27,(anonymous_2)
FN:35,(anonymous_3)
FN:47,(anonymous_4)
FN:66,(anonymous_5)
FN:89,(anonymous_6)
FN:107,(anonymous_7)
FN:133,(anonymous_8)
FN:147,(anonymous_9)
FN:153,(anonymous_10)
FNF:11
FNH:2
FNDA:1,(anonymous_0)
FNDA:1,(anonymous_1)
FNDA:0,(anonymous_2)
FNDA:0,(anonymous_3)
FNDA:0,(anonymous_4)
FNDA:0,(anonymous_5)
FNDA:0,(anonymous_6)
FNDA:0,(anonymous_7)
FNDA:0,(anonymous_8)
FNDA:0,(anonymous_9)
FNDA:0,(anonymous_10)
DA:9,1
DA:10,1
DA:11,1
DA:12,1
DA:13,1
DA:16,1
DA:23,1
DA:24,0
DA:27,1
DA:28,0
DA:36,0
DA:37,0
DA:38,0
DA:48,0
DA:51,0
DA:52,0
DA:67,0
DA:75,0
DA:90,0
DA:99,0
DA:108,0
DA:109,0
DA:112,0
DA:113,0
DA:115,0
DA:116,0
DA:117,0
DA:119,0
DA:122,0
DA:124,0
DA:136,0
DA:138,0
DA:148,0
DA:149,0
DA:150,0
DA:153,0
DA:155,0
DA:161,0
DA:169,0
DA:170,0
DA:176,0
DA:182,1
LF:42
LH:9
BRDA:23,0,0,0
BRDA:23,0,1,1
BRDA:36,1,0,0
BRDA:36,1,1,0
BRDA:51,2,0,0
BRDA:51,2,1,0
BRDA:108,3,0,0
BRDA:108,3,1,0
BRDA:108,4,0,0
BRDA:108,4,1,0
BRDA:149,5,0,0
BRDA:149,5,1,0
BRDA:149,6,0,0
BRDA:149,6,1,0
BRDA:169,7,0,0
BRDA:169,7,1,0
BRF:16
BRH:1
end_of_record
TN:
SF:src/utils/logger/constants.js
FNF:0
FNH:0
DA:1,1
DA:6,1
LF:2
LH:2
BRF:0
BRH:0
end_of_record
TN:
SF:src/utils/logger/debugLogger.js
FN:20,(anonymous_0)
FN:25,(anonymous_1)
FN:29,(anonymous_2)
FN:33,(anonymous_3)
FN:38,(anonymous_4)
FN:42,(anonymous_5)
FN:50,(anonymous_6)
FN:58,(anonymous_7)
FN:66,(anonymous_8)
FN:74,(anonymous_9)
FN:96,(anonymous_10)
FNF:11
FNH:6
FNDA:1,(anonymous_0)
FNDA:1,(anonymous_1)
FNDA:0,(anonymous_2)
FNDA:0,(anonymous_3)
FNDA:0,(anonymous_4)
FNDA:8,(anonymous_5)
FNDA:0,(anonymous_6)
FNDA:0,(anonymous_7)
FNDA:27,(anonymous_8)
FNDA:35,(anonymous_9)
FNDA:350,(anonymous_10)
DA:4,1
DA:21,1
DA:22,1
DA:26,1
DA:30,0
DA:34,0
DA:35,0
DA:39,0
DA:43,8
DA:44,8
DA:45,8
DA:47,8
DA:51,0
DA:52,0
DA:53,0
DA:55,0
DA:59,0
DA:60,0
DA:61,0
DA:63,0
DA:67,27
DA:68,27
DA:69,27
DA:71,27
DA:76,35
DA:90,35
DA:96,350
DA:97,35
DA:98,35
DA:99,27
DA:101,35
DA:105,1
LF:32
LH:20
BRDA:34,0,0,0
BRDA:34,0,1,0
BRDA:43,1,0,0
BRDA:43,1,1,8
BRDA:44,2,0,0
BRDA:44,2,1,8
BRDA:44,3,0,8
BRDA:44,3,1,0
BRDA:51,4,0,0
BRDA:51,4,1,0
BRDA:52,5,0,0
BRDA:52,5,1,0
BRDA:52,6,0,0
BRDA:52,6,1,0
BRDA:59,7,0,0
BRDA:59,7,1,0
BRDA:60,8,0,0
BRDA:60,8,1,0
BRDA:60,9,0,0
BRDA:60,9,1,0
BRDA:67,10,0,0
BRDA:67,10,1,27
BRDA:68,11,0,0
BRDA:68,11,1,27
BRDA:68,12,0,27
BRDA:68,12,1,0
BRDA:74,13,0,8
BRDA:97,14,0,35
BRDA:97,14,1,0
BRDA:98,15,0,27
BRDA:98,15,1,8
BRDA:99,16,0,27
BRDA:99,16,1,0
BRF:33
BRH:11
end_of_record
TN:
SF:src/utils/logger/index.js
FN:26,log
FN:46,logError
FNF:2
FNH:0
FNDA:0,log
FNDA:0,logError
DA:5,1
DA:6,0
DA:8,1
DA:27,0
DA:47,0
LF:5
LH:2
BRDA:5,0,0,0
BRDA:5,0,1,1
BRDA:5,1,0,1
BRDA:5,1,1,1
BRDA:5,1,2,1
BRF:5
BRH:4
end_of_record
