TN:
SF:src/utils/noir-adapter.js
FN:9,(anonymous_0)
FN:19,(anonymous_1)
FN:43,(anonymous_2)
FN:82,(anonymous_3)
FN:106,(anonymous_4)
FN:124,(anonymous_5)
FN:132,(anonymous_6)
FN:151,(anonymous_7)
FNF:8
FNH:7
FNDA:2,(anonymous_0)
FNDA:8,(anonymous_1)
FNDA:16,(anonymous_2)
FNDA:3,(anonymous_3)
FNDA:1,(anonymous_4)
FNDA:8,(anonymous_5)
FNDA:0,(anonymous_6)
FNDA:1,(anonymous_7)
DA:10,2
DA:11,2
DA:20,8
DA:21,8
DA:23,8
DA:24,0
DA:26,0
DA:27,0
DA:29,0
DA:30,0
DA:32,8
DA:33,8
DA:44,16
DA:45,16
DA:46,16
DA:47,16
DA:50,0
DA:53,0
DA:56,0
DA:57,0
DA:59,0
DA:62,0
DA:70,16
DA:71,16
DA:83,3
DA:84,3
DA:85,3
DA:86,3
DA:89,0
DA:91,0
DA:93,0
DA:94,0
DA:96,3
DA:97,3
DA:107,1
DA:108,1
DA:109,1
DA:112,0
DA:125,8
DA:133,0
DA:134,0
DA:135,0
DA:136,0
DA:139,0
DA:140,0
DA:142,0
DA:144,0
DA:152,1
DA:153,1
DA:154,0
DA:160,1
LF:51
LH:26
BRDA:46,0,0,16
BRDA:46,0,1,0
BRDA:82,1,0,0
BRDA:85,2,0,3
BRDA:85,2,1,0
BRDA:108,3,0,1
BRDA:108,3,1,0
BRDA:135,4,0,0
BRDA:135,4,1,0
BRDA:135,5,0,0
BRDA:135,5,1,0
BRF:11
BRH:3
end_of_record
TN:
SF:src/utils/claim-creator/claim-creator.js
FN:12,(anonymous_0)
FN:26,(anonymous_1)
FN:27,(anonymous_2)
FN:29,(anonymous_3)
FN:34,(anonymous_4)
FN:62,(anonymous_5)
FN:75,(anonymous_6)
FN:127,(anonymous_7)
FN:195,(anonymous_8)
FN:209,(anonymous_9)
FN:213,(anonymous_10)
FN:234,(anonymous_11)
FNF:12
FNH:0
FNDA:0,(anonymous_0)
FNDA:0,(anonymous_1)
FNDA:0,(anonymous_2)
FNDA:0,(anonymous_3)
FNDA:0,(anonymous_4)
FNDA:0,(anonymous_5)
FNDA:0,(anonymous_6)
FNDA:0,(anonymous_7)
FNDA:0,(anonymous_8)
FNDA:0,(anonymous_9)
FNDA:0,(anonymous_10)
FNDA:0,(anonymous_11)
DA:12,1
DA:13,0
DA:14,0
DA:17,0
DA:18,0
DA:19,0
DA:20,0
DA:21,0
DA:23,0
DA:26,1
DA:27,0
DA:29,0
DA:30,0
DA:31,0
DA:34,0
DA:36,0
DA:40,0
DA:41,0
DA:43,0
DA:44,0
DA:45,0
DA:47,0
DA:48,0
DA:50,0
DA:52,0
DA:55,0
DA:57,0
DA:58,0
DA:63,0
DA:64,0
DA:65,0
DA:66,0
DA:67,0
DA:75,1
DA:76,0
DA:79,0
DA:80,0
DA:81,0
DA:82,0
DA:84,0
DA:86,0
DA:90,0
DA:93,0
DA:108,0
DA:109,0
DA:112,0
DA:113,0
DA:116,0
DA:117,0
DA:118,0
DA:123,0
DA:127,0
DA:128,0
DA:129,0
DA:130,0
DA:132,0
DA:136,0
DA:137,0
DA:140,0
DA:141,0
DA:146,0
DA:147,0
DA:151,0
DA:152,0
DA:156,0
DA:159,0
DA:161,0
DA:166,0
DA:168,0
DA:172,0
DA:174,0
DA:182,0
DA:185,0
DA:186,0
DA:189,0
DA:190,0
DA:194,0
DA:195,0
DA:197,0
DA:203,0
DA:208,0
DA:209,0
DA:211,0
DA:213,0
DA:215,0
DA:216,0
DA:220,0
DA:221,0
DA:225,0
DA:228,0
DA:233,0
DA:234,0
DA:236,0
DA:238,0
DA:239,0
DA:242,0
DA:243,0
DA:246,0
DA:247,0
DA:250,0
DA:255,0
DA:256,0
DA:260,0
DA:261,0
DA:263,0
DA:266,0
DA:270,0
DA:281,0
DA:283,0
LF:109
LH:3
BRDA:12,0,0,0
BRDA:12,1,0,0
BRDA:13,2,0,0
BRDA:13,2,1,0
BRDA:20,3,0,0
BRDA:20,3,1,0
BRDA:36,4,0,0
BRDA:36,4,1,0
BRDA:36,5,0,0
BRDA:36,5,1,0
BRDA:36,5,2,0
BRDA:43,6,0,0
BRDA:43,6,1,0
BRDA:43,7,0,0
BRDA:43,7,1,0
BRDA:48,8,0,0
BRDA:48,8,1,0
BRDA:63,9,0,0
BRDA:63,9,1,0
BRDA:112,10,0,0
BRDA:112,10,1,0
BRDA:113,11,0,0
BRDA:113,11,1,0
BRDA:116,12,0,0
BRDA:116,12,1,0
BRDA:124,13,0,0
BRDA:124,13,1,0
BRDA:129,14,0,0
BRDA:129,14,1,0
BRDA:136,15,0,0
BRDA:136,15,1,0
BRDA:140,16,0,0
BRDA:140,16,1,0
BRDA:146,17,0,0
BRDA:146,17,1,0
BRDA:146,18,0,0
BRDA:146,18,1,0
BRDA:151,19,0,0
BRDA:151,19,1,0
BRDA:159,20,0,0
BRDA:159,20,1,0
BRDA:159,21,0,0
BRDA:159,21,1,0
BRDA:166,22,0,0
BRDA:166,22,1,0
BRDA:166,23,0,0
BRDA:166,23,1,0
BRDA:172,24,0,0
BRDA:172,24,1,0
BRDA:172,25,0,0
BRDA:172,25,1,0
BRDA:177,26,0,0
BRDA:177,26,1,0
BRDA:185,27,0,0
BRDA:185,27,1,0
BRDA:189,28,0,0
BRDA:189,28,1,0
BRDA:194,29,0,0
BRDA:194,29,1,0
BRDA:199,30,0,0
BRDA:199,30,1,0
BRDA:200,31,0,0
BRDA:200,31,1,0
BRDA:208,32,0,0
BRDA:208,32,1,0
BRDA:215,33,0,0
BRDA:215,33,1,0
BRDA:220,34,0,0
BRDA:220,34,1,0
BRDA:220,35,0,0
BRDA:220,35,1,0
BRDA:220,35,2,0
BRDA:220,35,3,0
BRDA:233,36,0,0
BRDA:233,36,1,0
BRDA:238,37,0,0
BRDA:238,37,1,0
BRDA:242,38,0,0
BRDA:242,38,1,0
BRDA:246,39,0,0
BRDA:246,39,1,0
BRDA:255,40,0,0
BRDA:255,40,1,0
BRF:83
BRH:0
end_of_record
TN:
SF:src/utils/claim-creator/network-filter.js
FN:6,escapeSpecialCharacters
FN:11,getTemplateVariables
FN:24,convertTemplateToRegex
FN:54,matchesRequestCriteria
FN:106,matchesResponseCriteria
FN:127,matchesResponseFields
FN:183,(anonymous_6)
FNF:7
FNH:3
FNDA:2,escapeSpecialCharacters
FNDA:2,getTemplateVariables
FNDA:2,convertTemplateToRegex
FNDA:0,matchesRequestCriteria
FNDA:0,matchesResponseCriteria
FNDA:0,matchesResponseFields
FNDA:0,(anonymous_6)
DA:7,2
DA:12,2
DA:13,2
DA:16,2
DA:17,3
DA:20,2
DA:26,2
DA:29,2
DA:30,2
DA:33,2
DA:34,3
DA:36,0
DA:39,3
DA:41,3
DA:42,3
DA:46,2
DA:58,0
DA:59,0
DA:63,0
DA:64,0
DA:65,0
DA:66,0
DA:71,0
DA:72,0
DA:73,0
DA:74,0
DA:79,0
DA:80,0
DA:84,0
DA:85,0
DA:86,0
DA:90,0
DA:91,0
DA:95,0
DA:96,0
DA:97,0
DA:102,0
DA:107,0
DA:108,0
DA:111,0
DA:112,0
DA:113,0
DA:114,0
DA:117,0
DA:118,0
DA:119,0
DA:123,0
DA:128,0
DA:129,0
DA:133,0
DA:134,0
DA:136,0
DA:137,0
DA:138,0
DA:143,0
DA:145,0
DA:146,0
DA:147,0
DA:150,0
DA:152,0
DA:153,0
DA:157,0
DA:158,0
DA:159,0
DA:160,0
DA:162,0
DA:163,0
DA:167,0
DA:168,0
DA:169,0
DA:170,0
DA:172,0
DA:173,0
DA:179,0
DA:183,1
DA:184,0
DA:186,0
DA:187,0
DA:192,0
DA:193,0
DA:194,0
DA:200,0
DA:201,0
DA:202,0
DA:206,0
DA:208,0
DA:209,0
LF:87
LH:16
BRDA:24,0,0,0
BRDA:34,1,0,0
BRDA:34,1,1,3
BRDA:41,2,0,0
BRDA:41,2,1,3
BRDA:54,3,0,0
BRDA:58,4,0,0
BRDA:58,4,1,0
BRDA:63,5,0,0
BRDA:63,5,1,0
BRDA:65,6,0,0
BRDA:65,6,1,0
BRDA:71,7,0,0
BRDA:71,7,1,0
BRDA:73,8,0,0
BRDA:73,8,1,0
BRDA:79,9,0,0
BRDA:79,9,1,0
BRDA:84,10,0,0
BRDA:84,10,1,0
BRDA:84,11,0,0
BRDA:84,11,1,0
BRDA:86,12,0,0
BRDA:86,12,1,0
BRDA:90,13,0,0
BRDA:90,13,1,0
BRDA:96,14,0,0
BRDA:96,14,1,0
BRDA:106,15,0,0
BRDA:107,16,0,0
BRDA:107,16,1,0
BRDA:107,17,0,0
BRDA:107,17,1,0
BRDA:117,18,0,0
BRDA:117,18,1,0
BRDA:118,19,0,0
BRDA:118,19,1,0
BRDA:128,20,0,0
BRDA:128,20,1,0
BRDA:128,21,0,0
BRDA:128,21,1,0
BRDA:136,22,0,0
BRDA:136,22,1,0
BRDA:138,23,0,0
BRDA:138,23,1,0
BRDA:145,24,0,0
BRDA:145,24,1,0
BRDA:145,25,0,0
BRDA:145,25,1,0
BRDA:150,26,0,0
BRDA:150,26,1,0
BRDA:150,27,0,0
BRDA:150,27,1,0
BRDA:157,28,0,0
BRDA:157,28,1,0
BRDA:157,29,0,0
BRDA:157,29,1,0
BRDA:160,30,0,0
BRDA:160,30,1,0
BRDA:167,31,0,0
BRDA:167,31,1,0
BRDA:170,32,0,0
BRDA:170,32,1,0
BRDA:183,33,0,0
BRDA:186,34,0,0
BRDA:186,34,1,0
BRDA:192,35,0,0
BRDA:192,35,1,0
BRDA:192,36,0,0
BRDA:192,36,1,0
BRDA:193,37,0,0
BRDA:193,37,1,0
BRDA:200,38,0,0
BRDA:200,38,1,0
BRDA:200,39,0,0
BRDA:200,39,1,0
BRDA:201,40,0,0
BRDA:201,40,1,0
BRF:78
BRH:2
end_of_record
TN:
SF:src/utils/claim-creator/params-extractor-utils.js
FN:14,(anonymous_0)
FN:81,(anonymous_1)
FN:107,(anonymous_2)
FN:118,(anonymous_3)
FNF:4
FNH:3
FNDA:1,(anonymous_0)
FNDA:0,(anonymous_1)
FNDA:1,(anonymous_2)
FNDA:1,(anonymous_3)
DA:14,1
DA:15,1
DA:17,1
DA:20,1
DA:23,1
DA:24,1
DA:25,1
DA:27,1
DA:28,8
DA:30,8
DA:31,0
DA:32,0
DA:33,0
DA:35,0
DA:36,8
DA:37,0
DA:39,0
DA:40,0
DA:41,0
DA:43,0
DA:44,8
DA:45,0
DA:46,0
DA:47,0
DA:50,8
DA:55,1
DA:56,1
DA:60,1
DA:61,1
DA:62,1
DA:63,0
DA:65,1
DA:68,1
DA:70,0
DA:71,0
DA:81,1
DA:84,0
DA:87,0
DA:88,0
DA:89,0
DA:92,0
DA:93,0
DA:95,0
DA:97,0
DA:98,0
DA:107,1
DA:108,1
DA:109,1
DA:110,1
DA:118,1
DA:119,1
DA:120,1
DA:122,0
DA:123,0
LF:54
LH:28
BRDA:17,0,0,0
BRDA:17,0,1,1
BRDA:20,1,0,1
BRDA:20,1,1,0
BRDA:30,2,0,0
BRDA:30,2,1,8
BRDA:31,3,0,0
BRDA:31,3,1,0
BRDA:36,4,0,0
BRDA:36,4,1,8
BRDA:37,5,0,0
BRDA:37,5,1,0
BRDA:37,6,0,0
BRDA:37,6,1,0
BRDA:44,7,0,0
BRDA:44,7,1,8
BRDA:44,8,0,8
BRDA:44,8,1,0
BRDA:45,9,0,0
BRDA:45,9,1,0
BRDA:55,10,0,1
BRDA:55,10,1,0
BRDA:62,11,0,0
BRDA:62,11,1,1
BRDA:62,12,0,1
BRDA:62,12,1,1
BRDA:95,13,0,0
BRDA:95,13,1,0
BRDA:108,14,0,0
BRDA:108,14,1,1
BRDA:108,15,0,1
BRDA:108,15,1,1
BRDA:110,16,0,1
BRDA:110,16,1,0
BRF:34
BRH:14
end_of_record
TN:
SF:src/utils/claim-creator/params-extractor.js
FN:11,(anonymous_0)
FN:14,(anonymous_1)
FN:24,(anonymous_2)
FN:52,(anonymous_3)
FN:83,(anonymous_4)
FN:157,(anonymous_5)
FN:161,(anonymous_6)
FNF:7
FNH:5
FNDA:4,(anonymous_0)
FNDA:6,(anonymous_1)
FNDA:1,(anonymous_2)
FNDA:1,(anonymous_3)
FNDA:1,(anonymous_4)
FNDA:0,(anonymous_5)
FNDA:0,(anonymous_6)
DA:11,1
DA:12,4
DA:13,4
DA:14,6
DA:24,1
DA:25,1
DA:28,1
DA:29,1
DA:32,1
DA:33,1
DA:35,1
DA:36,1
DA:37,1
DA:42,1
DA:52,1
DA:53,1
DA:57,1
DA:59,1
DA:62,1
DA:63,1
DA:65,1
DA:66,2
DA:67,2
DA:72,1
DA:83,1
DA:84,1
DA:86,1
DA:88,1
DA:89,1
DA:91,1
DA:92,1
DA:96,1
DA:98,1
DA:99,1
DA:100,1
DA:103,1
DA:106,1
DA:108,1
DA:112,1
DA:114,1
DA:115,1
DA:118,1
DA:119,1
DA:122,0
DA:123,0
DA:126,0
DA:127,0
DA:128,0
DA:129,0
DA:134,1
DA:136,1
DA:137,0
DA:139,1
DA:146,0
DA:149,1
DA:157,1
DA:158,0
DA:159,0
DA:161,0
DA:162,0
DA:163,0
DA:165,0
DA:169,0
LF:63
LH:48
BRDA:12,0,0,0
BRDA:12,0,1,4
BRDA:13,1,0,4
BRDA:13,1,1,0
BRDA:24,2,0,1
BRDA:25,3,0,0
BRDA:25,3,1,1
BRDA:25,4,0,1
BRDA:25,4,1,1
BRDA:33,5,0,1
BRDA:33,5,1,0
BRDA:33,6,0,1
BRDA:33,6,1,1
BRDA:36,7,0,1
BRDA:36,7,1,0
BRDA:52,8,0,1
BRDA:53,9,0,0
BRDA:53,9,1,1
BRDA:53,10,0,1
BRDA:53,10,1,1
BRDA:63,11,0,1
BRDA:63,11,1,0
BRDA:63,12,0,1
BRDA:63,12,1,1
BRDA:66,13,0,2
BRDA:66,13,1,0
BRDA:83,14,0,1
BRDA:84,15,0,0
BRDA:84,15,1,1
BRDA:91,16,0,1
BRDA:91,16,1,0
BRDA:96,17,0,1
BRDA:96,17,1,0
BRDA:96,18,0,1
BRDA:96,18,1,1
BRDA:96,18,2,1
BRDA:96,18,3,1
BRDA:103,19,0,0
BRDA:103,19,1,1
BRDA:108,20,0,0
BRDA:108,20,1,1
BRDA:114,21,0,1
BRDA:114,21,1,0
BRDA:118,22,0,1
BRDA:118,22,1,0
BRDA:118,23,0,1
BRDA:118,23,1,1
BRDA:122,24,0,0
BRDA:122,24,1,0
BRDA:122,25,0,0
BRDA:122,25,1,0
BRDA:126,26,0,0
BRDA:126,26,1,0
BRDA:128,27,0,0
BRDA:128,27,1,0
BRDA:128,28,0,0
BRDA:128,28,1,0
BRDA:134,29,0,1
BRDA:134,29,1,0
BRDA:136,30,0,0
BRDA:136,30,1,1
BRDA:136,31,0,1
BRDA:136,31,1,0
BRDA:161,32,0,0
BRDA:161,32,1,0
BRDA:162,33,0,0
BRDA:162,33,1,0
BRF:67
BRH:35
end_of_record
TN:
SF:src/utils/constants/constants.js
FN:4,(anonymous_0)
FN:5,(anonymous_1)
FN:6,(anonymous_2)
FNF:3
FNH:0
FNDA:0,(anonymous_0)
FNDA:0,(anonymous_1)
FNDA:0,(anonymous_2)
DA:1,1
DA:3,1
DA:4,0
DA:5,0
DA:6,0
LF:5
LH:2
BRF:0
BRH:0
end_of_record
TN:
SF:src/utils/constants/index.js
FNF:0
FNH:0
LF:0
LH:0
BRF:0
BRH:0
end_of_record
TN:
SF:src/utils/constants/interfaces.js
FNF:0
FNH:0
DA:17,1
DA:27,1
DA:41,1
DA:47,1
LF:4
LH:4
BRF:0
BRH:0
end_of_record
TN:
SF:src/utils/logger/LogEntry.js
FN:16,(anonymous_0)
FN:30,(anonymous_1)
FN:47,(anonymous_2)
FN:65,(anonymous_3)
FNF:4
FNH:0
FNDA:0,(anonymous_0)
FNDA:0,(anonymous_1)
FNDA:0,(anonymous_2)
FNDA:0,(anonymous_3)
DA:17,0
DA:18,0
DA:19,0
DA:20,0
DA:21,0
DA:22,0
DA:31,0
DA:48,0
DA:49,0
DA:50,0
DA:66,0
DA:67,0
DA:69,0
DA:73,0
LF:14
LH:0
BRDA:16,0,0,0
BRDA:22,1,0,0
BRDA:22,1,1,0
BRDA:65,2,0,0
BRDA:66,3,0,0
BRDA:66,3,1,0
BRDA:67,4,0,0
BRDA:67,4,1,0
BRDA:69,5,0,0
BRDA:69,5,1,0
BRF:10
BRH:0
end_of_record
TN:
SF:src/utils/logger/LoggerService.js
FN:8,(anonymous_0)
FN:22,(anonymous_1)
FN:27,(anonymous_2)
FN:35,(anonymous_3)
FN:47,(anonymous_4)
FN:66,(anonymous_5)
FN:89,(anonymous_6)
FN:107,(anonymous_7)
FN:133,(anonymous_8)
FN:147,(anonymous_9)
FN:153,(anonymous_10)
FNF:11
FNH:2
FNDA:2,(anonymous_0)
FNDA:2,(anonymous_1)
FNDA:0,(anonymous_2)
FNDA:0,(anonymous_3)
FNDA:0,(anonymous_4)
FNDA:0,(anonymous_5)
FNDA:0,(anonymous_6)
FNDA:0,(anonymous_7)
FNDA:0,(anonymous_8)
FNDA:0,(anonymous_9)
FNDA:0,(anonymous_10)
DA:9,2
DA:10,2
DA:11,2
DA:12,2
DA:13,2
DA:16,2
DA:23,2
DA:24,0
DA:27,2
DA:28,0
DA:36,0
DA:37,0
DA:38,0
DA:48,0
DA:51,0
DA:52,0
DA:67,0
DA:75,0
DA:90,0
DA:99,0
DA:108,0
DA:109,0
DA:112,0
DA:113,0
DA:115,0
DA:116,0
DA:117,0
DA:119,0
DA:122,0
DA:124,0
DA:136,0
DA:138,0
DA:148,0
DA:149,0
DA:150,0
DA:153,0
DA:155,0
DA:161,0
DA:169,0
DA:170,0
DA:176,0
DA:182,2
LF:42
LH:9
BRDA:23,0,0,0
BRDA:23,0,1,2
BRDA:36,1,0,0
BRDA:36,1,1,0
BRDA:51,2,0,0
BRDA:51,2,1,0
BRDA:108,3,0,0
BRDA:108,3,1,0
BRDA:108,4,0,0
BRDA:108,4,1,0
BRDA:149,5,0,0
BRDA:149,5,1,0
BRDA:149,6,0,0
BRDA:149,6,1,0
BRDA:169,7,0,0
BRDA:169,7,1,0
BRF:16
BRH:1
end_of_record
TN:
SF:src/utils/logger/constants.js
FNF:0
FNH:0
DA:1,2
DA:6,2
LF:2
LH:2
BRF:0
BRH:0
end_of_record
TN:
SF:src/utils/logger/debugLogger.js
FN:20,(anonymous_0)
FN:25,(anonymous_1)
FN:29,(anonymous_2)
FN:33,(anonymous_3)
FN:38,(anonymous_4)
FN:42,(anonymous_5)
FN:50,(anonymous_6)
FN:58,(anonymous_7)
FN:66,(anonymous_8)
FN:74,(anonymous_9)
FN:96,(anonymous_10)
FNF:11
FNH:6
FNDA:2,(anonymous_0)
FNDA:2,(anonymous_1)
FNDA:0,(anonymous_2)
FNDA:0,(anonymous_3)
FNDA:0,(anonymous_4)
FNDA:8,(anonymous_5)
FNDA:0,(anonymous_6)
FNDA:0,(anonymous_7)
FNDA:27,(anonymous_8)
FNDA:35,(anonymous_9)
FNDA:350,(anonymous_10)
DA:4,2
DA:21,2
DA:22,2
DA:26,2
DA:30,0
DA:34,0
DA:35,0
DA:39,0
DA:43,8
DA:44,8
DA:45,8
DA:47,8
DA:51,0
DA:52,0
DA:53,0
DA:55,0
DA:59,0
DA:60,0
DA:61,0
DA:63,0
DA:67,27
DA:68,27
DA:69,27
DA:71,27
DA:76,35
DA:90,35
DA:96,350
DA:97,35
DA:98,35
DA:99,27
DA:101,35
DA:105,2
LF:32
LH:20
BRDA:34,0,0,0
BRDA:34,0,1,0
BRDA:43,1,0,0
BRDA:43,1,1,8
BRDA:44,2,0,0
BRDA:44,2,1,8
BRDA:44,3,0,8
BRDA:44,3,1,0
BRDA:51,4,0,0
BRDA:51,4,1,0
BRDA:52,5,0,0
BRDA:52,5,1,0
BRDA:52,6,0,0
BRDA:52,6,1,0
BRDA:59,7,0,0
BRDA:59,7,1,0
BRDA:60,8,0,0
BRDA:60,8,1,0
BRDA:60,9,0,0
BRDA:60,9,1,0
BRDA:67,10,0,0
BRDA:67,10,1,27
BRDA:68,11,0,0
BRDA:68,11,1,27
BRDA:68,12,0,27
BRDA:68,12,1,0
BRDA:74,13,0,8
BRDA:97,14,0,35
BRDA:97,14,1,0
BRDA:98,15,0,27
BRDA:98,15,1,8
BRDA:99,16,0,27
BRDA:99,16,1,0
BRF:33
BRH:11
end_of_record
TN:
SF:src/utils/logger/index.js
FN:26,log
FN:46,logError
FNF:2
FNH:0
FNDA:0,log
FNDA:0,logError
DA:5,2
DA:6,0
DA:8,2
DA:27,0
DA:47,0
LF:5
LH:2
BRDA:5,0,0,0
BRDA:5,0,1,2
BRDA:5,1,0,2
BRDA:5,1,1,2
BRDA:5,1,2,2
BRF:5
BRH:4
end_of_record
